Vivado Simulator 2019.1
Copyright 1986-1999, 2001-2019 Xilinx, Inc. All Rights Reserved.
Running: /opt/xilinx/Vivado/2019.1/bin/unwrapped/lnx64.o/xelab -wto 9c087adbfc994dd9a5e16cc60d4817ff --incr --debug typical --relax --mt 8 --maxdelay -L xil_defaultlib -L simprims_ver -L secureip --snapshot multiplier_ROM_tb_time_impl -transport_int_delays -pulse_r 0 -pulse_int_r 0 -pulse_e 0 -pulse_int_e 0 xil_defaultlib.multiplier_ROM_tb xil_defaultlib.glbl -log elaborate.log 
Using 8 slave threads.
Starting static elaboration
Completed static elaboration
Starting simulation data flow analysis
Completed simulation data flow analysis
INFO: [XSIM 43-3451] SDF backannotation process started with SDF file "multiplier_ROM_tb_time_impl.sdf", for root module "multiplier_ROM_tb/u1".
INFO: [XSIM 43-3452] SDF backannotation was successful for SDF file "multiplier_ROM_tb_time_impl.sdf", for root module "multiplier_ROM_tb/u1".
Time Resolution for simulation is 1ps
Compiling module simprims_ver.IBUF
Compiling module simprims_ver.OBUF
Compiling module simprims_ver.x_lut2_mux4
Compiling module simprims_ver.LUT2
Compiling module simprims_ver.LUT4
Compiling module xil_defaultlib.multiplier_ROM
Compiling module xil_defaultlib.multiplier_ROM_tb
Compiling module xil_defaultlib.glbl
Built simulation snapshot multiplier_ROM_tb_time_impl
