INFO: [VRFC 10-2263] Analyzing Verilog file "/afs/ee.cooper.edu/user/a/ahmad.malik/Midterm/Midterm.sim/sim_1/impl/timing/xsim/testbench_time_impl.v" into library xil_defaultlib
INFO: [VRFC 10-311] analyzing module RAM32M_UNIQ_BASE_
INFO: [VRFC 10-311] analyzing module RAM32M_HD32
INFO: [VRFC 10-311] analyzing module RAM32M_HD33
INFO: [VRFC 10-311] analyzing module RAM32M_HD34
INFO: [VRFC 10-311] analyzing module RAM32M_HD35
INFO: [VRFC 10-311] analyzing module RAM32M_HD36
INFO: [VRFC 10-311] analyzing module RAM32M_HD37
INFO: [VRFC 10-311] analyzing module RAM32M_HD38
INFO: [VRFC 10-311] analyzing module RAM32M_HD39
INFO: [VRFC 10-311] analyzing module RAM32M_HD40
INFO: [VRFC 10-311] analyzing module RAM32M_HD41
INFO: [VRFC 10-311] analyzing module RAM32M_HD42
INFO: [VRFC 10-311] analyzing module RAM32M_HD43
INFO: [VRFC 10-311] analyzing module RAM32M_HD44
INFO: [VRFC 10-311] analyzing module RAM32M_HD45
INFO: [VRFC 10-311] analyzing module RAM32M_HD46
INFO: [VRFC 10-311] analyzing module RAM32M_HD47
INFO: [VRFC 10-311] analyzing module RAM32M_HD48
INFO: [VRFC 10-311] analyzing module RAM64X1S_UNIQ_BASE_
INFO: [VRFC 10-311] analyzing module RAM64X1S_HD1
INFO: [VRFC 10-311] analyzing module RAM64X1S_HD10
INFO: [VRFC 10-311] analyzing module RAM64X1S_HD11
INFO: [VRFC 10-311] analyzing module RAM64X1S_HD12
INFO: [VRFC 10-311] analyzing module RAM64X1S_HD13
INFO: [VRFC 10-311] analyzing module RAM64X1S_HD14
INFO: [VRFC 10-311] analyzing module RAM64X1S_HD15
INFO: [VRFC 10-311] analyzing module RAM64X1S_HD16
INFO: [VRFC 10-311] analyzing module RAM64X1S_HD17
INFO: [VRFC 10-311] analyzing module RAM64X1S_HD18
INFO: [VRFC 10-311] analyzing module RAM64X1S_HD19
INFO: [VRFC 10-311] analyzing module RAM64X1S_HD2
INFO: [VRFC 10-311] analyzing module RAM64X1S_HD20
INFO: [VRFC 10-311] analyzing module RAM64X1S_HD21
INFO: [VRFC 10-311] analyzing module RAM64X1S_HD22
INFO: [VRFC 10-311] analyzing module RAM64X1S_HD23
INFO: [VRFC 10-311] analyzing module RAM64X1S_HD24
INFO: [VRFC 10-311] analyzing module RAM64X1S_HD25
INFO: [VRFC 10-311] analyzing module RAM64X1S_HD26
INFO: [VRFC 10-311] analyzing module RAM64X1S_HD27
INFO: [VRFC 10-311] analyzing module RAM64X1S_HD28
INFO: [VRFC 10-311] analyzing module RAM64X1S_HD29
INFO: [VRFC 10-311] analyzing module RAM64X1S_HD3
INFO: [VRFC 10-311] analyzing module RAM64X1S_HD30
INFO: [VRFC 10-311] analyzing module RAM64X1S_HD31
INFO: [VRFC 10-311] analyzing module RAM64X1S_HD4
INFO: [VRFC 10-311] analyzing module RAM64X1S_HD5
INFO: [VRFC 10-311] analyzing module RAM64X1S_HD6
INFO: [VRFC 10-311] analyzing module RAM64X1S_HD7
INFO: [VRFC 10-311] analyzing module RAM64X1S_HD8
INFO: [VRFC 10-311] analyzing module RAM64X1S_HD9
INFO: [VRFC 10-311] analyzing module adder
INFO: [VRFC 10-311] analyzing module adder_0
INFO: [VRFC 10-311] analyzing module alu
INFO: [VRFC 10-311] analyzing module datapath
INFO: [VRFC 10-311] analyzing module dmem
INFO: [VRFC 10-311] analyzing module flopr
INFO: [VRFC 10-311] analyzing module mips
INFO: [VRFC 10-311] analyzing module regfile
INFO: [VRFC 10-311] analyzing module test
INFO: [VRFC 10-311] analyzing module top
INFO: [VRFC 10-311] analyzing module glbl
INFO: [VRFC 10-2263] Analyzing Verilog file "/afs/ee.cooper.edu/user/a/ahmad.malik/Midterm/Midterm.srcs/sim_1/new/testbench.v" into library xil_defaultlib
INFO: [VRFC 10-311] analyzing module testbench
INFO: [VRFC 10-2263] Analyzing Verilog file "/afs/ee.cooper.edu/user/a/ahmad.malik/Midterm/Midterm.srcs/sources_1/new/imem.v" into library xil_defaultlib
INFO: [VRFC 10-311] analyzing module imem
INFO: [VRFC 10-2263] Analyzing Verilog file "/afs/ee.cooper.edu/user/a/ahmad.malik/Midterm/Midterm.srcs/sources_1/new/dmem.v" into library xil_defaultlib
INFO: [VRFC 10-311] analyzing module dmem
WARNING: [VRFC 10-3609] overwriting previous definition of module 'dmem' [/afs/ee.cooper.edu/user/a/ahmad.malik/Midterm/Midterm.srcs/sources_1/new/dmem.v:1]
INFO: [VRFC 10-2263] Analyzing Verilog file "/afs/ee.cooper.edu/user/a/ahmad.malik/Midterm/Midterm.srcs/sources_1/new/top.v" into library xil_defaultlib
INFO: [VRFC 10-311] analyzing module top
WARNING: [VRFC 10-3609] overwriting previous definition of module 'top' [/afs/ee.cooper.edu/user/a/ahmad.malik/Midterm/Midterm.srcs/sources_1/new/top.v:1]
