
*** Running vivado
    with args -log Adder.vdi -applog -m64 -product Vivado -messageDb vivado.pb -mode batch -source Adder.tcl -notrace


****** Vivado v2019.1 (64-bit)
  **** SW Build 2552052 on Fri May 24 14:47:09 MDT 2019
  **** IP Build 2548770 on Fri May 24 18:01:18 MDT 2019
    ** Copyright 1986-2019 Xilinx, Inc. All Rights Reserved.

source Adder.tcl -notrace
Command: link_design -top Adder -part xc7z020clg484-1
Design is defaulting to srcset: sources_1
Design is defaulting to constrset: constrs_1
INFO: [Device 21-403] Loading part xc7z020clg484-1
INFO: [Project 1-479] Netlist was created with Vivado 2019.1
INFO: [Project 1-570] Preparing netlist for logic optimization
Parsing XDC File [/afs/ee.cooper.edu/user/a/ahmad.malik/RippleAdder/RippleAdder.srcs/constrs_1/new/Adder_constraints.xdc]
Finished Parsing XDC File [/afs/ee.cooper.edu/user/a/ahmad.malik/RippleAdder/RippleAdder.srcs/constrs_1/new/Adder_constraints.xdc]
INFO: [Opt 31-138] Pushed 0 inverter(s) to 0 load pin(s).
Netlist sorting complete. Time (s): cpu = 00:00:00 ; elapsed = 00:00:00 . Memory (MB): peak = 1652.785 ; gain = 0.000 ; free physical = 7328 ; free virtual = 25206
INFO: [Project 1-111] Unisim Transformation Summary:
No Unisim elements were transformed.

5 Infos, 0 Warnings, 0 Critical Warnings and 0 Errors encountered.
link_design completed successfully
Command: opt_design
Attempting to get a license for feature 'Implementation' and/or device 'xc7z020'
INFO: [Common 17-349] Got license for feature 'Implementation' and/or device 'xc7z020'
Running DRC as a precondition to command opt_design

Starting DRC Task
INFO: [DRC 23-27] Running DRC with 8 threads
INFO: [Project 1-461] DRC finished with 0 Errors
INFO: [Project 1-462] Please refer to the DRC report (report_drc) for more information.

Time (s): cpu = 00:00:00.79 ; elapsed = 00:00:00.82 . Memory (MB): peak = 1816.973 ; gain = 161.219 ; free physical = 7320 ; free virtual = 25198

Starting Cache Timing Information Task
INFO: [Timing 38-35] Done setting XDC timing constraints.
Ending Cache Timing Information Task | Checksum: 1af6863b8

Time (s): cpu = 00:00:05 ; elapsed = 00:00:05 . Memory (MB): peak = 2153.973 ; gain = 337.000 ; free physical = 6901 ; free virtual = 24780

Starting Logic Optimization Task

Phase 1 Retarget
INFO: [Opt 31-138] Pushed 0 inverter(s) to 0 load pin(s).
INFO: [Opt 31-49] Retargeted 0 cell(s).
Phase 1 Retarget | Checksum: 1af6863b8

Time (s): cpu = 00:00:00.01 ; elapsed = 00:00:00.01 . Memory (MB): peak = 2269.910 ; gain = 0.000 ; free physical = 6804 ; free virtual = 24683
INFO: [Opt 31-389] Phase Retarget created 0 cells and removed 0 cells

Phase 2 Constant propagation
INFO: [Opt 31-138] Pushed 0 inverter(s) to 0 load pin(s).
Phase 2 Constant propagation | Checksum: 1af6863b8

Time (s): cpu = 00:00:00.01 ; elapsed = 00:00:00.01 . Memory (MB): peak = 2269.910 ; gain = 0.000 ; free physical = 6804 ; free virtual = 24683
INFO: [Opt 31-389] Phase Constant propagation created 0 cells and removed 0 cells

Phase 3 Sweep
Phase 3 Sweep | Checksum: 1af6863b8

Time (s): cpu = 00:00:00.01 ; elapsed = 00:00:00.01 . Memory (MB): peak = 2269.910 ; gain = 0.000 ; free physical = 6804 ; free virtual = 24683
INFO: [Opt 31-389] Phase Sweep created 0 cells and removed 0 cells

Phase 4 BUFG optimization
Phase 4 BUFG optimization | Checksum: 1af6863b8

Time (s): cpu = 00:00:00.01 ; elapsed = 00:00:00.01 . Memory (MB): peak = 2269.910 ; gain = 0.000 ; free physical = 6804 ; free virtual = 24683
INFO: [Opt 31-662] Phase BUFG optimization created 0 cells of which 0 are BUFGs and removed 0 cells.

Phase 5 Shift Register Optimization
INFO: [Opt 31-1064] SRL Remap converted 0 SRLs to 0 registers and converted 0 registers of register chains to 0 SRLs
Phase 5 Shift Register Optimization | Checksum: 1af6863b8

Time (s): cpu = 00:00:00.01 ; elapsed = 00:00:00.01 . Memory (MB): peak = 2269.910 ; gain = 0.000 ; free physical = 6804 ; free virtual = 24683
INFO: [Opt 31-389] Phase Shift Register Optimization created 0 cells and removed 0 cells

Phase 6 Post Processing Netlist
Phase 6 Post Processing Netlist | Checksum: 1af6863b8

Time (s): cpu = 00:00:00.01 ; elapsed = 00:00:00.01 . Memory (MB): peak = 2269.910 ; gain = 0.000 ; free physical = 6804 ; free virtual = 24683
INFO: [Opt 31-389] Phase Post Processing Netlist created 0 cells and removed 0 cells
Opt_design Change Summary
=========================


-------------------------------------------------------------------------------------------------------------------------
|  Phase                        |  #Cells created  |  #Cells Removed  |  #Constrained objects preventing optimizations  |
-------------------------------------------------------------------------------------------------------------------------
|  Retarget                     |               0  |               0  |                                              0  |
|  Constant propagation         |               0  |               0  |                                              0  |
|  Sweep                        |               0  |               0  |                                              0  |
|  BUFG optimization            |               0  |               0  |                                              0  |
|  Shift Register Optimization  |               0  |               0  |                                              0  |
|  Post Processing Netlist      |               0  |               0  |                                              0  |
-------------------------------------------------------------------------------------------------------------------------



Starting Connectivity Check Task

Time (s): cpu = 00:00:00 ; elapsed = 00:00:00 . Memory (MB): peak = 2269.910 ; gain = 0.000 ; free physical = 6804 ; free virtual = 24683
Ending Logic Optimization Task | Checksum: 1af6863b8

Time (s): cpu = 00:00:00.01 ; elapsed = 00:00:00.01 . Memory (MB): peak = 2269.910 ; gain = 0.000 ; free physical = 6805 ; free virtual = 24683

Starting Power Optimization Task
INFO: [Pwropt 34-132] Skipping clock gating for clocks with a period < 2.00 ns.
Ending Power Optimization Task | Checksum: 1af6863b8

Time (s): cpu = 00:00:00 ; elapsed = 00:00:00.02 . Memory (MB): peak = 2269.910 ; gain = 0.000 ; free physical = 6804 ; free virtual = 24683

Starting Final Cleanup Task
Ending Final Cleanup Task | Checksum: 1af6863b8

Time (s): cpu = 00:00:00 ; elapsed = 00:00:00 . Memory (MB): peak = 2269.910 ; gain = 0.000 ; free physical = 6804 ; free virtual = 24683

Starting Netlist Obfuscation Task
Netlist sorting complete. Time (s): cpu = 00:00:00 ; elapsed = 00:00:00 . Memory (MB): peak = 2269.910 ; gain = 0.000 ; free physical = 6804 ; free virtual = 24683
Ending Netlist Obfuscation Task | Checksum: 1af6863b8

Time (s): cpu = 00:00:00 ; elapsed = 00:00:00 . Memory (MB): peak = 2269.910 ; gain = 0.000 ; free physical = 6804 ; free virtual = 24683
INFO: [Common 17-83] Releasing license: Implementation
22 Infos, 0 Warnings, 0 Critical Warnings and 0 Errors encountered.
opt_design completed successfully
opt_design: Time (s): cpu = 00:00:06 ; elapsed = 00:00:07 . Memory (MB): peak = 2269.910 ; gain = 614.156 ; free physical = 6804 ; free virtual = 24683
Netlist sorting complete. Time (s): cpu = 00:00:00 ; elapsed = 00:00:00 . Memory (MB): peak = 2269.910 ; gain = 0.000 ; free physical = 6804 ; free virtual = 24683
INFO: [Timing 38-480] Writing timing data to binary archive.
Writing placer database...
Writing XDEF routing.
Writing XDEF routing logical nets.
Writing XDEF routing special nets.
Write XDEF Complete: Time (s): cpu = 00:00:00.03 ; elapsed = 00:00:00.03 . Memory (MB): peak = 2301.926 ; gain = 0.000 ; free physical = 6801 ; free virtual = 24683
INFO: [Common 17-1381] The checkpoint '/afs/ee.cooper.edu/user/a/ahmad.malik/RippleAdder/RippleAdder.runs/impl_1/Adder_opt.dcp' has been generated.
INFO: [runtcl-4] Executing : report_drc -file Adder_drc_opted.rpt -pb Adder_drc_opted.pb -rpx Adder_drc_opted.rpx
Command: report_drc -file Adder_drc_opted.rpt -pb Adder_drc_opted.pb -rpx Adder_drc_opted.rpx
INFO: [IP_Flow 19-234] Refreshing IP repositories
INFO: [IP_Flow 19-1704] No user IP repositories specified
INFO: [IP_Flow 19-2313] Loaded Vivado IP repository '/opt/xilinx/Vivado/2019.1/data/ip'.
INFO: [DRC 23-27] Running DRC with 8 threads
INFO: [Coretcl 2-168] The results of DRC are in file /afs/ee.cooper.edu/user/a/ahmad.malik/RippleAdder/RippleAdder.runs/impl_1/Adder_drc_opted.rpt.
report_drc completed successfully
Command: place_design
Attempting to get a license for feature 'Implementation' and/or device 'xc7z020'
INFO: [Common 17-349] Got license for feature 'Implementation' and/or device 'xc7z020'
INFO: [DRC 23-27] Running DRC with 8 threads
INFO: [Vivado_Tcl 4-198] DRC finished with 0 Errors
INFO: [Vivado_Tcl 4-199] Please refer to the DRC report (report_drc) for more information.
Running DRC as a precondition to command place_design
INFO: [DRC 23-27] Running DRC with 8 threads
INFO: [Vivado_Tcl 4-198] DRC finished with 0 Errors
INFO: [Vivado_Tcl 4-199] Please refer to the DRC report (report_drc) for more information.

Starting Placer Task
INFO: [Place 30-611] Multithreading enabled for place_design using a maximum of 8 CPUs

Phase 1 Placer Initialization

Phase 1.1 Placer Initialization Netlist Sorting
Netlist sorting complete. Time (s): cpu = 00:00:00 ; elapsed = 00:00:00 . Memory (MB): peak = 2445.469 ; gain = 0.000 ; free physical = 6790 ; free virtual = 24669
Phase 1.1 Placer Initialization Netlist Sorting | Checksum: 13f6eab8b

Time (s): cpu = 00:00:00.01 ; elapsed = 00:00:00.02 . Memory (MB): peak = 2445.469 ; gain = 0.000 ; free physical = 6790 ; free virtual = 24669
Netlist sorting complete. Time (s): cpu = 00:00:00 ; elapsed = 00:00:00 . Memory (MB): peak = 2445.469 ; gain = 0.000 ; free physical = 6790 ; free virtual = 24669

Phase 1.2 IO Placement/ Clock Placement/ Build Placer Device
INFO: [Timing 38-35] Done setting XDC timing constraints.
Phase 1.2 IO Placement/ Clock Placement/ Build Placer Device | Checksum: 13f6eab8b

Time (s): cpu = 00:00:00.32 ; elapsed = 00:00:00.16 . Memory (MB): peak = 2445.469 ; gain = 0.000 ; free physical = 6777 ; free virtual = 24656

Phase 1.3 Build Placer Netlist Model
Phase 1.3 Build Placer Netlist Model | Checksum: 15672b6f3

Time (s): cpu = 00:00:00.35 ; elapsed = 00:00:00.17 . Memory (MB): peak = 2445.469 ; gain = 0.000 ; free physical = 6777 ; free virtual = 24656

Phase 1.4 Constrain Clocks/Macros
Phase 1.4 Constrain Clocks/Macros | Checksum: 15672b6f3

Time (s): cpu = 00:00:00.35 ; elapsed = 00:00:00.17 . Memory (MB): peak = 2445.469 ; gain = 0.000 ; free physical = 6777 ; free virtual = 24656
Phase 1 Placer Initialization | Checksum: 15672b6f3

Time (s): cpu = 00:00:00.36 ; elapsed = 00:00:00.17 . Memory (MB): peak = 2445.469 ; gain = 0.000 ; free physical = 6777 ; free virtual = 24656

Phase 2 Global Placement

Phase 2.1 Floorplanning
Phase 2.1 Floorplanning | Checksum: 15672b6f3

Time (s): cpu = 00:00:00.36 ; elapsed = 00:00:00.18 . Memory (MB): peak = 2445.469 ; gain = 0.000 ; free physical = 6776 ; free virtual = 24655

Phase 2.2 Global Placement Core
WARNING: [Place 46-29] place_design is not in timing mode. Skip physical synthesis in placer
Phase 2.2 Global Placement Core | Checksum: 1d8743475

Time (s): cpu = 00:00:01 ; elapsed = 00:00:00.26 . Memory (MB): peak = 2445.469 ; gain = 0.000 ; free physical = 6758 ; free virtual = 24637
Phase 2 Global Placement | Checksum: 1d8743475

Time (s): cpu = 00:00:01 ; elapsed = 00:00:00.26 . Memory (MB): peak = 2445.469 ; gain = 0.000 ; free physical = 6758 ; free virtual = 24637

Phase 3 Detail Placement

Phase 3.1 Commit Multi Column Macros
Phase 3.1 Commit Multi Column Macros | Checksum: 1d8743475

Time (s): cpu = 00:00:01 ; elapsed = 00:00:00.26 . Memory (MB): peak = 2445.469 ; gain = 0.000 ; free physical = 6758 ; free virtual = 24637

Phase 3.2 Commit Most Macros & LUTRAMs
Phase 3.2 Commit Most Macros & LUTRAMs | Checksum: 1b12cffee

Time (s): cpu = 00:00:01 ; elapsed = 00:00:00.27 . Memory (MB): peak = 2445.469 ; gain = 0.000 ; free physical = 6758 ; free virtual = 24637

Phase 3.3 Area Swap Optimization
Phase 3.3 Area Swap Optimization | Checksum: 2078ea204

Time (s): cpu = 00:00:01 ; elapsed = 00:00:00.27 . Memory (MB): peak = 2445.469 ; gain = 0.000 ; free physical = 6759 ; free virtual = 24638

Phase 3.4 Pipeline Register Optimization
Phase 3.4 Pipeline Register Optimization | Checksum: 2078ea204

Time (s): cpu = 00:00:01 ; elapsed = 00:00:00.27 . Memory (MB): peak = 2445.469 ; gain = 0.000 ; free physical = 6759 ; free virtual = 24638

Phase 3.5 Small Shape Detail Placement
Phase 3.5 Small Shape Detail Placement | Checksum: 1393ca0d2

Time (s): cpu = 00:00:01 ; elapsed = 00:00:00.35 . Memory (MB): peak = 2445.469 ; gain = 0.000 ; free physical = 6757 ; free virtual = 24636

Phase 3.6 Re-assign LUT pins
Phase 3.6 Re-assign LUT pins | Checksum: 1393ca0d2

Time (s): cpu = 00:00:01 ; elapsed = 00:00:00.36 . Memory (MB): peak = 2445.469 ; gain = 0.000 ; free physical = 6757 ; free virtual = 24636

Phase 3.7 Pipeline Register Optimization
Phase 3.7 Pipeline Register Optimization | Checksum: 1393ca0d2

Time (s): cpu = 00:00:01 ; elapsed = 00:00:00.36 . Memory (MB): peak = 2445.469 ; gain = 0.000 ; free physical = 6757 ; free virtual = 24636
Phase 3 Detail Placement | Checksum: 1393ca0d2

Time (s): cpu = 00:00:01 ; elapsed = 00:00:00.36 . Memory (MB): peak = 2445.469 ; gain = 0.000 ; free physical = 6757 ; free virtual = 24636

Phase 4 Post Placement Optimization and Clean-Up

Phase 4.1 Post Commit Optimization
Phase 4.1 Post Commit Optimization | Checksum: 1393ca0d2

Time (s): cpu = 00:00:01 ; elapsed = 00:00:00.36 . Memory (MB): peak = 2445.469 ; gain = 0.000 ; free physical = 6757 ; free virtual = 24636

Phase 4.2 Post Placement Cleanup
Phase 4.2 Post Placement Cleanup | Checksum: 1393ca0d2

Time (s): cpu = 00:00:01 ; elapsed = 00:00:00.36 . Memory (MB): peak = 2445.469 ; gain = 0.000 ; free physical = 6758 ; free virtual = 24637

Phase 4.3 Placer Reporting
Phase 4.3 Placer Reporting | Checksum: 1393ca0d2

Time (s): cpu = 00:00:01 ; elapsed = 00:00:00.36 . Memory (MB): peak = 2445.469 ; gain = 0.000 ; free physical = 6758 ; free virtual = 24637

Phase 4.4 Final Placement Cleanup
Netlist sorting complete. Time (s): cpu = 00:00:00 ; elapsed = 00:00:00 . Memory (MB): peak = 2445.469 ; gain = 0.000 ; free physical = 6758 ; free virtual = 24637
Phase 4.4 Final Placement Cleanup | Checksum: 1393ca0d2

Time (s): cpu = 00:00:01 ; elapsed = 00:00:00.36 . Memory (MB): peak = 2445.469 ; gain = 0.000 ; free physical = 6758 ; free virtual = 24637
Phase 4 Post Placement Optimization and Clean-Up | Checksum: 1393ca0d2

Time (s): cpu = 00:00:01 ; elapsed = 00:00:00.36 . Memory (MB): peak = 2445.469 ; gain = 0.000 ; free physical = 6758 ; free virtual = 24637
Ending Placer Task | Checksum: e278a9e7

Time (s): cpu = 00:00:01 ; elapsed = 00:00:00.36 . Memory (MB): peak = 2445.469 ; gain = 0.000 ; free physical = 6758 ; free virtual = 24637
INFO: [Common 17-83] Releasing license: Implementation
40 Infos, 1 Warnings, 0 Critical Warnings and 0 Errors encountered.
place_design completed successfully
Netlist sorting complete. Time (s): cpu = 00:00:00 ; elapsed = 00:00:00 . Memory (MB): peak = 2445.469 ; gain = 0.000 ; free physical = 6774 ; free virtual = 24653
INFO: [Timing 38-480] Writing timing data to binary archive.
Writing placer database...
Writing XDEF routing.
Writing XDEF routing logical nets.
Writing XDEF routing special nets.
Write XDEF Complete: Time (s): cpu = 00:00:00.04 ; elapsed = 00:00:00.04 . Memory (MB): peak = 2445.469 ; gain = 0.000 ; free physical = 6774 ; free virtual = 24656
INFO: [Common 17-1381] The checkpoint '/afs/ee.cooper.edu/user/a/ahmad.malik/RippleAdder/RippleAdder.runs/impl_1/Adder_placed.dcp' has been generated.
INFO: [runtcl-4] Executing : report_io -file Adder_io_placed.rpt
report_io: Time (s): cpu = 00:00:00.06 ; elapsed = 00:00:00.09 . Memory (MB): peak = 2445.469 ; gain = 0.000 ; free physical = 6761 ; free virtual = 24641
INFO: [runtcl-4] Executing : report_utilization -file Adder_utilization_placed.rpt -pb Adder_utilization_placed.pb
INFO: [runtcl-4] Executing : report_control_sets -verbose -file Adder_control_sets_placed.rpt
report_control_sets: Time (s): cpu = 00:00:00.02 ; elapsed = 00:00:00.04 . Memory (MB): peak = 2445.469 ; gain = 0.000 ; free physical = 6772 ; free virtual = 24652
Command: route_design
Attempting to get a license for feature 'Implementation' and/or device 'xc7z020'
INFO: [Common 17-349] Got license for feature 'Implementation' and/or device 'xc7z020'
Running DRC as a precondition to command route_design
INFO: [DRC 23-27] Running DRC with 8 threads
INFO: [Vivado_Tcl 4-198] DRC finished with 0 Errors
INFO: [Vivado_Tcl 4-199] Please refer to the DRC report (report_drc) for more information.


Starting Routing Task
INFO: [Route 35-254] Multithreading enabled for route_design using a maximum of 8 CPUs
Checksum: PlaceDB: 73aacbb7 ConstDB: 0 ShapeSum: 6ecdde30 RouteDB: 0

Phase 1 Build RT Design
Phase 1 Build RT Design | Checksum: 15700abd4

Time (s): cpu = 00:00:13 ; elapsed = 00:00:11 . Memory (MB): peak = 2445.469 ; gain = 0.000 ; free physical = 6649 ; free virtual = 24529
Post Restoration Checksum: NetGraph: e0272f9a NumContArr: 76d97c3a Constraints: 0 Timing: 0

Phase 2 Router Initialization
INFO: [Route 35-64] No timing constraints were detected. The router will operate in resource-optimization mode.

Phase 2.1 Fix Topology Constraints
Phase 2.1 Fix Topology Constraints | Checksum: 15700abd4

Time (s): cpu = 00:00:13 ; elapsed = 00:00:11 . Memory (MB): peak = 2455.961 ; gain = 10.492 ; free physical = 6615 ; free virtual = 24495

Phase 2.2 Pre Route Cleanup
Phase 2.2 Pre Route Cleanup | Checksum: 15700abd4

Time (s): cpu = 00:00:13 ; elapsed = 00:00:11 . Memory (MB): peak = 2455.961 ; gain = 10.492 ; free physical = 6615 ; free virtual = 24495
 Number of Nodes with overlaps = 0
Phase 2 Router Initialization | Checksum: 111fbaa98

Time (s): cpu = 00:00:13 ; elapsed = 00:00:11 . Memory (MB): peak = 2462.016 ; gain = 16.547 ; free physical = 6613 ; free virtual = 24493

Router Utilization Summary
  Global Vertical Routing Utilization    = 0 %
  Global Horizontal Routing Utilization  = 0 %
  Routable Net Status*
  *Does not include unroutable nets such as driverless and loadless.
  Run report_route_status for detailed report.
  Number of Failed Nets               = 14
    (Failed Nets is the sum of unrouted and partially routed nets)
  Number of Unrouted Nets             = 14
  Number of Partially Routed Nets     = 0
  Number of Node Overlaps             = 0


Phase 3 Initial Routing
Phase 3 Initial Routing | Checksum: 1282e7271

Time (s): cpu = 00:00:13 ; elapsed = 00:00:11 . Memory (MB): peak = 2470.395 ; gain = 24.926 ; free physical = 6612 ; free virtual = 24492

Phase 4 Rip-up And Reroute

Phase 4.1 Global Iteration 0
 Number of Nodes with overlaps = 0
Phase 4.1 Global Iteration 0 | Checksum: fb1055b3

Time (s): cpu = 00:00:13 ; elapsed = 00:00:11 . Memory (MB): peak = 2470.395 ; gain = 24.926 ; free physical = 6612 ; free virtual = 24492
Phase 4 Rip-up And Reroute | Checksum: fb1055b3

Time (s): cpu = 00:00:13 ; elapsed = 00:00:11 . Memory (MB): peak = 2470.395 ; gain = 24.926 ; free physical = 6612 ; free virtual = 24492

Phase 5 Delay and Skew Optimization
Phase 5 Delay and Skew Optimization | Checksum: fb1055b3

Time (s): cpu = 00:00:13 ; elapsed = 00:00:11 . Memory (MB): peak = 2470.395 ; gain = 24.926 ; free physical = 6612 ; free virtual = 24492

Phase 6 Post Hold Fix

Phase 6.1 Hold Fix Iter
Phase 6.1 Hold Fix Iter | Checksum: fb1055b3

Time (s): cpu = 00:00:13 ; elapsed = 00:00:11 . Memory (MB): peak = 2470.395 ; gain = 24.926 ; free physical = 6612 ; free virtual = 24492
Phase 6 Post Hold Fix | Checksum: fb1055b3

Time (s): cpu = 00:00:13 ; elapsed = 00:00:11 . Memory (MB): peak = 2470.395 ; gain = 24.926 ; free physical = 6612 ; free virtual = 24492

Phase 7 Route finalize

Router Utilization Summary
  Global Vertical Routing Utilization    = 0.0176556 %
  Global Horizontal Routing Utilization  = 0.00270453 %
  Routable Net Status*
  *Does not include unroutable nets such as driverless and loadless.
  Run report_route_status for detailed report.
  Number of Failed Nets               = 0
    (Failed Nets is the sum of unrouted and partially routed nets)
  Number of Unrouted Nets             = 0
  Number of Partially Routed Nets     = 0
  Number of Node Overlaps             = 0

Congestion Report
North Dir 1x1 Area, Max Cong = 15.3153%, No Congested Regions.
South Dir 1x1 Area, Max Cong = 0.900901%, No Congested Regions.
East Dir 1x1 Area, Max Cong = 5.88235%, No Congested Regions.
West Dir 1x1 Area, Max Cong = 2.94118%, No Congested Regions.

------------------------------
Reporting congestion hotspots
------------------------------
Direction: North
----------------
Congested clusters found at Level 0
Effective congestion level: 0 Aspect Ratio: 1 Sparse Ratio: 0
Direction: South
----------------
Congested clusters found at Level 0
Effective congestion level: 0 Aspect Ratio: 1 Sparse Ratio: 0
Direction: East
----------------
Congested clusters found at Level 0
Effective congestion level: 0 Aspect Ratio: 1 Sparse Ratio: 0
Direction: West
----------------
Congested clusters found at Level 0
Effective congestion level: 0 Aspect Ratio: 1 Sparse Ratio: 0

Phase 7 Route finalize | Checksum: fb1055b3

Time (s): cpu = 00:00:13 ; elapsed = 00:00:11 . Memory (MB): peak = 2470.395 ; gain = 24.926 ; free physical = 6612 ; free virtual = 24492

Phase 8 Verifying routed nets

 Verification completed successfully
Phase 8 Verifying routed nets | Checksum: fb1055b3

Time (s): cpu = 00:00:13 ; elapsed = 00:00:11 . Memory (MB): peak = 2474.395 ; gain = 28.926 ; free physical = 6611 ; free virtual = 24491

Phase 9 Depositing Routes
Phase 9 Depositing Routes | Checksum: c186683d

Time (s): cpu = 00:00:13 ; elapsed = 00:00:11 . Memory (MB): peak = 2474.395 ; gain = 28.926 ; free physical = 6611 ; free virtual = 24491
INFO: [Route 35-16] Router Completed Successfully

Time (s): cpu = 00:00:13 ; elapsed = 00:00:11 . Memory (MB): peak = 2474.395 ; gain = 28.926 ; free physical = 6646 ; free virtual = 24526

Routing Is Done.
INFO: [Common 17-83] Releasing license: Implementation
53 Infos, 1 Warnings, 0 Critical Warnings and 0 Errors encountered.
route_design completed successfully
route_design: Time (s): cpu = 00:00:15 ; elapsed = 00:00:13 . Memory (MB): peak = 2474.395 ; gain = 28.926 ; free physical = 6648 ; free virtual = 24528
Netlist sorting complete. Time (s): cpu = 00:00:00 ; elapsed = 00:00:00 . Memory (MB): peak = 2474.395 ; gain = 0.000 ; free physical = 6648 ; free virtual = 24528
INFO: [Timing 38-480] Writing timing data to binary archive.
Writing placer database...
Writing XDEF routing.
Writing XDEF routing logical nets.
Writing XDEF routing special nets.
Write XDEF Complete: Time (s): cpu = 00:00:00.03 ; elapsed = 00:00:00.02 . Memory (MB): peak = 2474.395 ; gain = 0.000 ; free physical = 6641 ; free virtual = 24524
INFO: [Common 17-1381] The checkpoint '/afs/ee.cooper.edu/user/a/ahmad.malik/RippleAdder/RippleAdder.runs/impl_1/Adder_routed.dcp' has been generated.
INFO: [runtcl-4] Executing : report_drc -file Adder_drc_routed.rpt -pb Adder_drc_routed.pb -rpx Adder_drc_routed.rpx
Command: report_drc -file Adder_drc_routed.rpt -pb Adder_drc_routed.pb -rpx Adder_drc_routed.rpx
INFO: [IP_Flow 19-1839] IP Catalog is up to date.
INFO: [DRC 23-27] Running DRC with 8 threads
INFO: [Coretcl 2-168] The results of DRC are in file /afs/ee.cooper.edu/user/a/ahmad.malik/RippleAdder/RippleAdder.runs/impl_1/Adder_drc_routed.rpt.
report_drc completed successfully
INFO: [runtcl-4] Executing : report_methodology -file Adder_methodology_drc_routed.rpt -pb Adder_methodology_drc_routed.pb -rpx Adder_methodology_drc_routed.rpx
Command: report_methodology -file Adder_methodology_drc_routed.rpt -pb Adder_methodology_drc_routed.pb -rpx Adder_methodology_drc_routed.rpx
INFO: [Timing 38-35] Done setting XDC timing constraints.
INFO: [DRC 23-133] Running Methodology with 8 threads
INFO: [Coretcl 2-1520] The results of Report Methodology are in file /afs/ee.cooper.edu/user/a/ahmad.malik/RippleAdder/RippleAdder.runs/impl_1/Adder_methodology_drc_routed.rpt.
report_methodology completed successfully
INFO: [runtcl-4] Executing : report_power -file Adder_power_routed.rpt -pb Adder_power_summary_routed.pb -rpx Adder_power_routed.rpx
Command: report_power -file Adder_power_routed.rpt -pb Adder_power_summary_routed.pb -rpx Adder_power_routed.rpx
INFO: [Timing 38-35] Done setting XDC timing constraints.
WARNING: [Power 33-232] No user defined clocks were found in the design! Power estimation will be inaccurate until this is corrected.
Resolution: Please specify clocks using create_clock/create_generated_clock for sequential elements. For pure combinatorial circuits, please specify a virtual clock, otherwise the vectorless estimation might be inaccurate
Running Vector-less Activity Propagation...

Finished Running Vector-less Activity Propagation
65 Infos, 2 Warnings, 0 Critical Warnings and 0 Errors encountered.
report_power completed successfully
INFO: [runtcl-4] Executing : report_route_status -file Adder_route_status.rpt -pb Adder_route_status.pb
INFO: [runtcl-4] Executing : report_timing_summary -max_paths 10 -file Adder_timing_summary_routed.rpt -pb Adder_timing_summary_routed.pb -rpx Adder_timing_summary_routed.rpx -warn_on_violation 
INFO: [Timing 38-91] UpdateTimingParams: Speed grade: -1, Delay Type: min_max.
INFO: [Timing 38-191] Multithreading enabled for timing update using a maximum of 8 CPUs
WARNING: [Timing 38-313] There are no user specified timing constraints. Timing constraints are needed for proper timing analysis.
INFO: [runtcl-4] Executing : report_incremental_reuse -file Adder_incremental_reuse_routed.rpt
INFO: [Vivado_Tcl 4-1062] Incremental flow is disabled. No incremental reuse Info to report.
INFO: [runtcl-4] Executing : report_clock_utilization -file Adder_clock_utilization_routed.rpt
INFO: [runtcl-4] Executing : report_bus_skew -warn_on_violation -file Adder_bus_skew_routed.rpt -pb Adder_bus_skew_routed.pb -rpx Adder_bus_skew_routed.rpx
INFO: [Timing 38-91] UpdateTimingParams: Speed grade: -1, Delay Type: min_max.
INFO: [Timing 38-191] Multithreading enabled for timing update using a maximum of 8 CPUs
Command: write_bitstream -force Adder.bit
Attempting to get a license for feature 'Implementation' and/or device 'xc7z020'
INFO: [Common 17-349] Got license for feature 'Implementation' and/or device 'xc7z020'
Running DRC as a precondition to command write_bitstream
INFO: [IP_Flow 19-1839] IP Catalog is up to date.
INFO: [DRC 23-27] Running DRC with 8 threads
WARNING: [DRC ZPS7-1] PS7 block required: The PS7 cell must be used in this Zynq design in order to enable correct default configuration.
INFO: [Vivado 12-3199] DRC finished with 0 Errors, 1 Warnings
INFO: [Vivado 12-3200] Please refer to the DRC report (report_drc) for more information.
INFO: [Designutils 20-2272] Running write_bitstream with 8 threads.
Loading data files...
Loading site data...
Loading route data...
Processing options...
Creating bitmap...
Creating bitstream...
Writing bitstream ./Adder.bit...
INFO: [Vivado 12-1842] Bitgen Completed Successfully.
INFO: [Project 1-120] WebTalk data collection is mandatory when using a WebPACK part without a full Vivado license. To see the specific WebTalk data collected for your design, open the usage_statistics_webtalk.html or usage_statistics_webtalk.xml file in the implementation directory.
INFO: [Common 17-186] '/afs/ee.cooper.edu/user/a/ahmad.malik/RippleAdder/RippleAdder.runs/impl_1/usage_statistics_webtalk.xml' has been successfully sent to Xilinx on Tue Oct  4 17:17:57 2022. For additional details about this file, please refer to the WebTalk help file at /opt/xilinx/Vivado/2019.1/doc/webtalk_introduction.html.
INFO: [Common 17-83] Releasing license: Implementation
85 Infos, 4 Warnings, 0 Critical Warnings and 0 Errors encountered.
write_bitstream completed successfully
write_bitstream: Time (s): cpu = 00:00:08 ; elapsed = 00:00:08 . Memory (MB): peak = 2845.617 ; gain = 209.902 ; free physical = 6575 ; free virtual = 24463
INFO: [Common 17-206] Exiting Vivado at Tue Oct  4 17:17:57 2022...
