INFO: [VRFC 10-2263] Analyzing Verilog file "/afs/ee.cooper.edu/user/k/kai.chen/Desktop/Vivado/midterm/midterm.sim/sim_1/synth/timing/xsim/testbench_time_synth.v" into library xil_defaultlib
INFO: [VRFC 10-311] analyzing module RAM32M_UNIQ_BASE_
INFO: [VRFC 10-311] analyzing module RAM32M_HD1
INFO: [VRFC 10-311] analyzing module RAM32M_HD10
INFO: [VRFC 10-311] analyzing module RAM32M_HD11
INFO: [VRFC 10-311] analyzing module RAM32M_HD2
INFO: [VRFC 10-311] analyzing module RAM32M_HD3
INFO: [VRFC 10-311] analyzing module RAM32M_HD4
INFO: [VRFC 10-311] analyzing module RAM32M_HD5
INFO: [VRFC 10-311] analyzing module RAM32M_HD6
INFO: [VRFC 10-311] analyzing module RAM32M_HD7
INFO: [VRFC 10-311] analyzing module RAM32M_HD8
INFO: [VRFC 10-311] analyzing module RAM32M_HD9
INFO: [VRFC 10-311] analyzing module adder
INFO: [VRFC 10-311] analyzing module adder_0
INFO: [VRFC 10-311] analyzing module alu
INFO: [VRFC 10-311] analyzing module datapath
INFO: [VRFC 10-311] analyzing module flopr
INFO: [VRFC 10-311] analyzing module mips
INFO: [VRFC 10-311] analyzing module regfile
INFO: [VRFC 10-311] analyzing module glbl
INFO: [VRFC 10-2263] Analyzing SystemVerilog file "/afs/ee.cooper.edu/user/k/kai.chen/Desktop/Vivado/midterm/midterm.srcs/sources_1/new/dmem.sv" into library xil_defaultlib
INFO: [VRFC 10-311] analyzing module dmem
INFO: [VRFC 10-2263] Analyzing SystemVerilog file "/afs/ee.cooper.edu/user/k/kai.chen/Desktop/Vivado/midterm/midterm.srcs/sources_1/new/imem.sv" into library xil_defaultlib
INFO: [VRFC 10-311] analyzing module imem
INFO: [VRFC 10-2263] Analyzing SystemVerilog file "/afs/ee.cooper.edu/user/k/kai.chen/Desktop/Vivado/midterm/midterm.srcs/sources_1/new/top.sv" into library xil_defaultlib
INFO: [VRFC 10-311] analyzing module top
INFO: [VRFC 10-2263] Analyzing SystemVerilog file "/afs/ee.cooper.edu/user/k/kai.chen/Desktop/Vivado/midterm/midterm.srcs/sources_1/new/testbench.sv" into library xil_defaultlib
INFO: [VRFC 10-311] analyzing module testbench
